Using pre-set license
Built from '2020.2/release' branch; Version is '2020.2.1f1 (270dd8c3da1c) revision 2559448'; Using compiler version '192528614'; Build Type 'Release'
OS: 'Windows 10  (10.0.0) 64bit' Language: 'ru' Physical Memory: 8101 MB
BatchMode: 1, IsHumanControllingUs: 0, StartBugReporterOnCrash: 0, Is64bit: 1, IsPro: 0

 COMMAND LINE ARGUMENTS:
C:\Users\IDV\Desktop\UnityProjects\2020.2.1f1\Editor\Unity.exe
-adb2
-batchMode
-noUpm
-name
AssetImportWorker0
-projectPath
C:/Users/IDV/Desktop/UnityProjects/Clawbert_Demo
-logFile
Logs/AssetImportWorker0.log
-srvPort
57821
Successfully changed project path to: C:/Users/IDV/Desktop/UnityProjects/Clawbert_Demo
C:/Users/IDV/Desktop/UnityProjects/Clawbert_Demo
Using Asset Import Pipeline V2.
Refreshing native plugins compatible for Editor in 41.65 ms, found 1 plugins.
Preloading 0 native plugins for Editor in 0.00 ms.
Initialize engine version: 2020.2.1f1 (270dd8c3da1c)
[Subsystems] Discovering subsystems at path C:/Users/IDV/Desktop/UnityProjects/2020.2.1f1/Editor/Data/Resources/UnitySubsystems
[Subsystems] Discovering subsystems at path C:/Users/IDV/Desktop/UnityProjects/Clawbert_Demo/Assets
GfxDevice: creating device client; threaded=0
Direct3D:
    Version:  Direct3D 11.0 [level 11.1]
    Renderer: NVIDIA GeForce MX150 (ID=0x1d10)
    Vendor:   
    VRAM:     1994 MB
    Driver:   23.21.13.8875
Initialize mono
Mono path[0] = 'C:/Users/IDV/Desktop/UnityProjects/2020.2.1f1/Editor/Data/Managed'
Mono path[1] = 'C:/Users/IDV/Desktop/UnityProjects/2020.2.1f1/Editor/Data/MonoBleedingEdge/lib/mono/unityjit'
Mono config path = 'C:/Users/IDV/Desktop/UnityProjects/2020.2.1f1/Editor/Data/MonoBleedingEdge/etc'
Using monoOptions --debugger-agent=transport=dt_socket,embedding=1,server=y,suspend=n,address=127.0.0.1:56124
Begin MonoManager ReloadAssembly
Registering precompiled unity dll's ...
Register platform support module: C:/Users/IDV/Desktop/UnityProjects/2020.2.1f1/Editor/Data/PlaybackEngines/WebGLSupport/UnityEditor.WebGL.Extensions.dll
Register platform support module: C:/Users/IDV/Desktop/UnityProjects/2020.2.1f1/Editor/Data/PlaybackEngines/WindowsStandaloneSupport/UnityEditor.WindowsStandalone.Extensions.dll
Registered in 0.004057 seconds.
Native extension for WindowsStandalone target not found
Native extension for WebGL target not found
Refreshing native plugins compatible for Editor in 98.36 ms, found 1 plugins.
Preloading 0 native plugins for Editor in 0.00 ms.
Invoked RoslynAnalysisRunner static constructor.
RoslynAnalysisRunner will not be running.
RoslynAnalysisRunner has terminated.
Mono: successfully reloaded assembly
- Completed reload, in  4.092 seconds
Platform modules already initialized, skipping
Registering precompiled user dll's ...
Registered in 0.002126 seconds.
Begin MonoManager ReloadAssembly
Native extension for WindowsStandalone target not found
Native extension for WebGL target not found
Refreshing native plugins compatible for Editor in 56.26 ms, found 1 plugins.
Preloading 0 native plugins for Editor in 0.00 ms.
Invoked RoslynAnalysisRunner static constructor.
RoslynAnalysisRunner will not be running.
RoslynAnalysisRunner has terminated.
Mono: successfully reloaded assembly
- Completed reload, in  5.706 seconds
Platform modules already initialized, skipping
========================================================================
Worker process is ready to serve import requests
Launched and connected shader compiler UnityShaderCompiler.exe after 0.09 seconds
Refreshing native plugins compatible for Editor in 0.39 ms, found 1 plugins.
Preloading 0 native plugins for Editor in 0.00 ms.
Unloading 1830 Unused Serialized files (Serialized files now loaded: 0)
System memory in use before: 86.0 MB.
System memory in use after: 86.1 MB.

Unloading 19 unused Assets to reduce memory usage. Loaded Objects now: 2276.
Total: 2.471600 ms (FindLiveObjects: 0.252800 ms CreateObjectMapping: 0.177500 ms MarkObjects: 1.974700 ms  DeleteObjects: 0.064200 ms)

========================================================================
Received Import Request.
  path: Assets/Prefabs/VariableGashapon.prefab
  artifactKey: Guid(715b1062e0ad7d64aa380b62a3ba9129) Importer(815301076,1909f56bfc062723c751e8b465ee728b)
Start importing Assets/Prefabs/VariableGashapon.prefab using Guid(715b1062e0ad7d64aa380b62a3ba9129) Importer(815301076,1909f56bfc062723c751e8b465ee728b)  -> (artifact id: '982e78759dd0e8a7baf7b03f2190f9ac') in 0.155120 seconds
  Import took 0.190493 seconds .

========================================================================
Received Import Request.
  Time since last request: 13.558404 seconds.
  path: Assets/Prefabs/VariableGashapon.prefab
  artifactKey: Guid(715b1062e0ad7d64aa380b62a3ba9129) Importer(815301076,1909f56bfc062723c751e8b465ee728b)
Start importing Assets/Prefabs/VariableGashapon.prefab using Guid(715b1062e0ad7d64aa380b62a3ba9129) Importer(815301076,1909f56bfc062723c751e8b465ee728b)  -> (artifact id: 'e67faf6773b6f763ec09374565170cbe') in 0.041411 seconds
  Import took 0.046706 seconds .

========================================================================
Received Import Request.
  Time since last request: 65.428235 seconds.
  path: Assets/Prefabs/VariableGashapon.prefab
  artifactKey: Guid(715b1062e0ad7d64aa380b62a3ba9129) Importer(815301076,1909f56bfc062723c751e8b465ee728b)
Start importing Assets/Prefabs/VariableGashapon.prefab using Guid(715b1062e0ad7d64aa380b62a3ba9129) Importer(815301076,1909f56bfc062723c751e8b465ee728b)  -> (artifact id: '050942959efca488573f4793ce47cb97') in 0.039287 seconds
  Import took 0.052651 seconds .

========================================================================
Received Import Request.
  Time since last request: 2224.380924 seconds.
  path: Assets/Prefabs/VariableGashapon.prefab
  artifactKey: Guid(715b1062e0ad7d64aa380b62a3ba9129) Importer(815301076,1909f56bfc062723c751e8b465ee728b)
Start importing Assets/Prefabs/VariableGashapon.prefab using Guid(715b1062e0ad7d64aa380b62a3ba9129) Importer(815301076,1909f56bfc062723c751e8b465ee728b)  -> (artifact id: '3bb6358e1968819163412fc5edeb7802') in 0.041340 seconds
  Import took 0.063720 seconds .

AssetImportWorkerClient::OnTransportError - code=2 error=End of file
